<?xml version="1.0" encoding="UTF-8"?>
<!-- Generated by org.testng.reporters.JUnitReportReporter -->
<testsuite hostname="WKWIN3761557" failures="0" tests="1" name="Framework.Tests.AddProductsTest" time="1.659" errors="0" timestamp="2022-07-05T13:07:34 IST" skipped="0">
  <testcase classname="Framework.Tests.AddProductsTest" name="addProductTest" time="1.659"/>
  <system-out/>
</testsuite> <!-- Framework.Tests.AddProductsTest -->
