<?xml version="1.0" encoding="UTF-8"?>
<!-- Generated by org.testng.reporters.JUnitReportReporter -->
<testsuite hostname="WKWIN3761557" failures="0" tests="1" name="Framework.Tests.phpTest" time="5.157" errors="0" timestamp="2022-07-04T11:54:11 IST" skipped="0">
  <testcase classname="Framework.Tests.phpTest" name="addProductTest" time="5.157"/>
  <system-out/>
</testsuite> <!-- Framework.Tests.phpTest -->
