<?xml version="1.0" encoding="UTF-8"?>
<!-- Generated by org.testng.reporters.JUnitReportReporter -->
<testsuite hostname="WKWZTM9I3NOYYFS" failures="0" tests="1" name="Framework.Tests.WebLoginTest" time="2.529" errors="0" timestamp="2024-05-08T14:40:24 IST" skipped="0">
  <testcase classname="Framework.Tests.WebLoginTest" name="invalidLogin" time="2.529"/>
  <system-out>
    <![CDATA[Epic sadface: Username and password do not match any user in this service]]>
  </system-out>
</testsuite> <!-- Framework.Tests.WebLoginTest -->
