<?xml version="1.0" encoding="UTF-8"?>
<!-- Generated by org.testng.reporters.JUnitReportReporter -->
<testsuite hostname="WKWIN3761557" failures="0" tests="1" name="Framework.Tests.DummyTest" time="3.615" errors="0" timestamp="2022-07-03T13:31:38 IST" skipped="0">
  <testcase classname="Framework.Tests.DummyTest" name="loginTest" time="3.615"/>
  <system-out/>
</testsuite> <!-- Framework.Tests.DummyTest -->
