<?xml version="1.0" encoding="UTF-8"?>
<!-- Generated by org.testng.reporters.JUnitReportReporter -->
<testsuite hostname="WKWZTM9I3NOYYFS" failures="0" tests="5" name="Framework.Tests.FilterFunctionalityTest" time="0.060" errors="1" timestamp="2024-05-08T20:28:50 IST" skipped="4">
  <testcase classname="Framework.Tests.FilterFunctionalityTest" name="filterByNamesATOZ" time="0.000">
    <skipped/>
  </testcase> <!-- filterByNamesATOZ -->
  <system-out/>
  <testcase classname="Framework.Tests.FilterFunctionalityTest" name="filterPriceFromHighToLow" time="0.000">
    <skipped/>
  </testcase> <!-- filterPriceFromHighToLow -->
  <system-out/>
  <testcase classname="Framework.Tests.FilterFunctionalityTest" name="filterByNamesZTOA" time="0.000">
    <skipped/>
  </testcase> <!-- filterByNamesZTOA -->
  <system-out/>
  <testcase classname="Framework.Tests.FilterFunctionalityTest" name="filterPriceFromLowToHigh" time="0.000">
    <skipped/>
  </testcase> <!-- filterPriceFromLowToHigh -->
  <system-out/>
  <testcase classname="Framework.Tests.FilterFunctionalityTest" name="beforeTest" time="0.060">
    <error type="java.lang.NullPointerException">
      <![CDATA[java.lang.NullPointerException
at java.base/java.util.Objects.requireNonNull(Objects.java:208)
at org.openqa.selenium.support.ui.FluentWait.<init>(FluentWait.java:106)
at org.openqa.selenium.support.ui.WebDriverWait.<init>(WebDriverWait.java:85)
at org.openqa.selenium.support.ui.WebDriverWait.<init>(WebDriverWait.java:45)
at Framework.PageObjects.LoginPO.<init>(LoginPO.java:18)
at Framework.FunctionLibrary.LoginLib.enterData(LoginLib.java:16)
at Framework.Tests.FilterFunctionalityTest.beforeTest(FilterFunctionalityTest.java:86)
at java.base/jdk.internal.reflect.NativeMethodAccessorImpl.invoke0(Native Method)
at java.base/jdk.internal.reflect.NativeMethodAccessorImpl.invoke(NativeMethodAccessorImpl.java:77)
at java.base/jdk.internal.reflect.DelegatingMethodAccessorImpl.invoke(DelegatingMethodAccessorImpl.java:43)
at java.base/java.lang.reflect.Method.invoke(Method.java:568)
at org.testng.internal.MethodInvocationHelper.invokeMethod(MethodInvocationHelper.java:133)
at org.testng.internal.MethodInvocationHelper.invokeMethodConsideringTimeout(MethodInvocationHelper.java:62)
at org.testng.internal.ConfigInvoker.invokeConfigurationMethod(ConfigInvoker.java:385)
at org.testng.internal.ConfigInvoker.invokeConfigurations(ConfigInvoker.java:321)
at org.testng.TestRunner.invokeTestConfigurations(TestRunner.java:637)
at org.testng.TestRunner.beforeRun(TestRunner.java:627)
at org.testng.TestRunner.run(TestRunner.java:589)
at org.testng.SuiteRunner.runTest(SuiteRunner.java:377)
at org.testng.SuiteRunner.runSequentially(SuiteRunner.java:371)
at org.testng.SuiteRunner.privateRun(SuiteRunner.java:332)
at org.testng.SuiteRunner.run(SuiteRunner.java:276)
at org.testng.SuiteRunnerWorker.runSuite(SuiteRunnerWorker.java:53)
at org.testng.SuiteRunnerWorker.run(SuiteRunnerWorker.java:96)
at org.testng.TestNG.runSuitesSequentially(TestNG.java:1212)
at org.testng.TestNG.runSuitesLocally(TestNG.java:1134)
at org.testng.TestNG.runSuites(TestNG.java:1063)
at org.testng.TestNG.run(TestNG.java:1031)
at org.testng.remote.AbstractRemoteTestNG.run(AbstractRemoteTestNG.java:115)
at org.testng.remote.RemoteTestNG.initAndRun(RemoteTestNG.java:251)
at org.testng.remote.RemoteTestNG.main(RemoteTestNG.java:77)
]]>
    </error>
  </testcase> <!-- beforeTest -->
  <system-out/>
</testsuite> <!-- Framework.Tests.FilterFunctionalityTest -->
