<?xml version="1.0" encoding="UTF-8"?>
<!-- Generated by org.testng.reporters.JUnitReportReporter -->
<testsuite hostname="WKWZTM9I3NOYYFS" failures="0" tests="1" name="Framework.Tests.AddProductsTest" time="34.757" errors="0" timestamp="2024-05-09T12:07:24 IST" skipped="0">
  <testcase classname="Framework.Tests.AddProductsTest" name="addProductTest" time="34.757"/>
  <system-out/>
</testsuite> <!-- Framework.Tests.AddProductsTest -->
