<?xml version="1.0" encoding="UTF-8"?>
<!-- Generated by org.testng.reporters.JUnitReportReporter -->
<testsuite hostname="WKWIN3761557" failures="0" tests="1" name="Framework.Tests.WebLoginTest" time="0.591" errors="0" timestamp="2022-07-05T13:10:17 IST" skipped="0">
  <testcase classname="Framework.Tests.WebLoginTest" name="loginTest" time="0.591"/>
  <system-out>
    <![CDATA[logout succesfully done!!!]]>
  </system-out>
</testsuite> <!-- Framework.Tests.WebLoginTest -->
